make all --print-data-base --no-builtin-variables --no-builtin-rules --question
# GNU Make 4.2.1
# Built for x86_64-pc-linux-gnu
# Copyright (C) 1988-2016 Free Software Foundation, Inc.
# License GPLv3+: GNU GPL version 3 or later <http://gnu.org/licenses/gpl.html>
# This is free software: you are free to change and redistribute it.
# There is NO WARRANTY, to the extent permitted by law.

# Make data base, printed on Sat Feb  5 01:35:48 2022

# Variables

# 'override' directive
GNUMAKEFLAGS := 
# automatic
<D = $(patsubst %/,%,$(dir $<))
# automatic
?F = $(notdir $?)
# environment
DESKTOP_SESSION = ubuntu
# default
.SHELLFLAGS := -c
# environment
XDG_SESSION_CLASS = user
# environment
SNAP_COMMON = /var/snap/code/common
# environment
XDG_SESSION_TYPE = x11
# environment
VSCODE_LOG_NATIVE = false
# automatic
?D = $(patsubst %/,%,$(dir $?))
# environment
IM_CONFIG_PHASE = 1
# makefile (from 'makefile', line 4)
INCLUDES := 
# automatic
@D = $(patsubst %/,%,$(dir $@))
# environment
XAUTHORITY = /run/user/1000/gdm/Xauthority
# environment
GDMSESSION = ubuntu
# environment
XMODIFIERS = @im=ibus
# makefile
CURDIR := /home/tom/university/y3/ac/cw
# makefile
SHELL = /bin/sh
# environment
SNAP_DATA = /var/snap/code/86
# environment
VSCODE_NLS_CONFIG = {"locale":"en-gb","availableLanguages":{},"_languagePackSupport":true}
# environment
JOURNAL_STREAM = 8:64899
# makefile (from 'makefile', line 2)
CFLAGS = -g -Wall
# environment
XDG_CONFIG_DIRS = /etc/xdg/xdg-ubuntu:/etc/xdg
# makefile (from 'makefile', line 11)
CPP_OBJS :=  build/parser.o  build/main.o
# environment
SNAP_INSTANCE_NAME = code
# environment
SNAP_ARCH = amd64
# makefile (from 'makefile', line 1)
MAKEFILE_LIST :=  makefile
# automatic
@F = $(notdir $@)
# environment
GIO_LAUNCHED_DESKTOP_FILE = /var/lib/snapd/desktop/applications/code_code.desktop
# environment
USERNAME = tom
# environment
MANDATORY_PATH = /usr/share/gconf/ubuntu.mandatory.path
# environment
XDG_DATA_DIRS = /usr/share/ubuntu:/usr/local/share/:/usr/share/:/var/lib/snapd/desktop
# environment
DBUS_SESSION_BUS_ADDRESS = unix:path=/run/user/1000/bus
# environment
VSCODE_VERBOSE_LOGGING = true
# environment
_ = /snap/code/86/usr/share/code/code
# 'override' directive
.SHELLSTATUS := 0
# environment
MANAGERPID = 2138
# environment
OPENCV_CFLAGS = -I/usr/include/opencv2/
# environment
VSCODE_IPC_HOOK_EXTHOST = /run/user/1000/vscode-ipc-ce39937e-a1f6-4ab8-a020-7e47781a7541.sock
# environment
VSCODE_CWD = /home/tom
# environment
GSETTINGS_SCHEMA_DIR = /snap/code/86/usr/share/glib-2.0/schemas
# default
MAKE_HOST := x86_64-pc-linux-gnu
# environment
PATH = /home/tom/anaconda3/bin:/home/tom/anaconda3/condabin:/home/tom/.local/bin:/usr/local/sbin:/usr/local/bin:/usr/sbin:/usr/bin:/sbin:/bin:/usr/games:/usr/local/games:/snap/bin:%GOPATH/bin
# makefile (from 'makefile', line 13)
HEADER_INCLUDES = $(addprefix -I, $(VPATH))
# environment
GPG_AGENT_INFO = /run/user/1000/gnupg/S.gpg-agent:0:1
# environment
LSCOLORS = Gxfxcxdxbxegedabagacad
# environment
SESSION_MANAGER = local/tom-XPS-15:@/tmp/.ICE-unix/2406,unix/tom-XPS-15:/tmp/.ICE-unix/2406
# environment
XDG_RUNTIME_DIR = /run/user/1000
# environment
GDK_PIXBUF_MODULE_FILE = /home/tom/snap/code/common/.cache/gdk-pixbuf-loaders.cache
# environment
SNAP = /snap/code/86
# environment
GOPATH = /home/tom/go
# makefile (from 'makefile', line 6)
VPATH = src src/parser/ src/isa/
# environment
SNAP_VERSION = 5554b12a
# environment
CONDA_PREFIX = /home/tom/anaconda3
# environment
XDG_MENU_PREFIX = gnome-
# environment
VSCODE_LOG_STACK = false
# environment
DISABLE_WAYLAND = 1
# environment
VSCODE_CRASH_REPORTER_START_OPTIONS = {"companyName":"Microsoft","productName":"VSCode","submitURL":"appcenter://code?aid=fba07a4d-84bd-4fc8-a125-9640fc8ce171&uid=258ce5de-8fcb-40fb-81e6-128fecb96f63&iid=258ce5de-8fcb-40fb-81e6-128fecb96f63&sid=258ce5de-8fcb-40fb-81e6-128fecb96f63","uploadToServer":true}
# environment
INVOCATION_ID = dd986fb9d2714875ad8f9637e49db66d
# environment
GDK_PIXBUF_MODULEDIR = /snap/code/86/usr/lib/x86_64-linux-gnu/gdk-pixbuf-2.0/2.10.0/loaders
# default
.FEATURES := target-specific order-only second-expansion else-if shortest-stem undefine oneshell archives jobserver output-sync check-symlink load
# environment
ELECTRON_NO_ATTACH_CONSOLE = 1
# environment
LS_COLORS = 
# environment
XDG_SESSION_DESKTOP = ubuntu
# environment
SSH_AUTH_SOCK = /run/user/1000/keyring/ssh
# environment
GIO_LAUNCHED_DESKTOP_FILE_PID = 2976110
# automatic
%F = $(notdir $%)
# environment
CPLUS_INCLUDE_PATH = :/usr/include/opencv2/:/usr/include/opencv
# makefile (from 'makefile', line 3)
SOURCE_DIR := src
# environment
DISPLAY = :1
# environment
CONDA_EXE = /home/tom/anaconda3/bin/conda
# environment
VSCODE_PIPE_LOGGING = true
# environment
SNAP_INSTANCE_KEY = 
# environment
PWD = /home/tom/university/y3/ac/cw
# default
.LOADED := 
# environment
SSH_AGENT_PID = 2363
# makefile (from 'makefile', line 9)
CPP_SRCS := src/parser/parser.cpp src/main.cpp
# environment
ORIGINAL_XDG_CURRENT_DESKTOP = ubuntu:GNOME
# environment
GTK_MODULES = gail:atk-bridge
# environment
VSCODE_AMD_ENTRYPOINT = vs/workbench/services/extensions/node/extensionHostProcess
# environment
HOME = /home/tom
# environment
LD_LIBRARY_PATH = /usr/lib64:
# environment
VSCODE_CLI = 1
# environment
VSCODE_CODE_CACHE_PATH = /home/tom/.config/Code/CachedData/5554b12acf27056905806867f251c859323ff7e9
# environment
LOGNAME = tom
# environment
APPLICATION_INSIGHTS_NO_DIAGNOSTIC_CHANNEL = 1
# environment
SNAP_LIBRARY_PATH = /var/lib/snapd/lib/gl:/var/lib/snapd/lib/gl32:/var/lib/snapd/void
# environment
SNAP_CONTEXT = DSPxJZuOO6QzUrUcCOtuorp-OCzEGfBicGuC57kxJxE4bitEfRV-
# environment
CONDA_PROMPT_MODIFIER = (base) 
# environment
ZSH = /home/tom/.oh-my-zsh
# environment
SNAP_USER_COMMON = /home/tom/snap/code/common
# environment
VSCODE_HANDLES_UNCAUGHT_ERRORS = true
# environment
GNOME_DESKTOP_SESSION_ID = this-is-deprecated
# automatic
^D = $(patsubst %/,%,$(dir $^))
# environment
MAKELEVEL := 0
# environment
SNAP_REAL_HOME = /home/tom
# environment
CONDA_DEFAULT_ENV = base
# default
MAKE = $(MAKE_COMMAND)
# default
MAKECMDGOALS := all
# environment
QT_IM_MODULE = ibus
# environment
SNAP_USER_DATA = /home/tom/snap/code/86
# environment
SHLVL = 0
# environment
GNOME_SHELL_SESSION_MODE = ubuntu
# makefile (from 'makefile', line 5)
BUILD_DIR := build
# default
MAKE_VERSION := 4.2.1
# environment
USER = tom
# environment
SNAP_REVISION = 86
# makefile
.DEFAULT_GOAL := all
# environment
XDG_CURRENT_DESKTOP = Unity
# environment
LIBVIRT_DEFAULT_URI = qemu:///system
# environment
LESS = -R
# automatic
%D = $(patsubst %/,%,$(dir $%))
# environment
CONDA_SHLVL = 1
# default
MAKE_COMMAND := make
# environment
OLDPWD = /home/tom
# default
.VARIABLES := 
# automatic
*F = $(notdir $*)
# environment
LANGUAGE = en_GB:en
# environment
VSCODE_IPC_HOOK = /run/user/1000/vscode-eb358711-1.64.0-main.sock
# environment
BAMF_DESKTOP_FILE_HINT = /var/lib/snapd/desktop/applications/code_code.desktop
# makefile
MAKEFLAGS = pqrR
# environment
MFLAGS = -pqrR
# automatic
*D = $(patsubst %/,%,$(dir $*))
# environment
BREAKPAD_DUMP_LOCATION = /home/tom/.config/Code/exthost Crash Reports
# automatic
+D = $(patsubst %/,%,$(dir $+))
# environment
GDK_BACKEND = x11
# automatic
+F = $(notdir $+)
# environment
QT_ACCESSIBILITY = 1
# environment
DEFAULTS_PATH = /usr/share/gconf/ubuntu.default.path
# makefile (from 'makefile', line 1)
COMPILER := g++
# default
MAKEFILES := 
# environment
SNAP_COOKIE = DSPxJZuOO6QzUrUcCOtuorp-OCzEGfBicGuC57kxJxE4bitEfRV-
# automatic
<F = $(notdir $<)
# environment
 
ELECTRON_RUN_AS_NODE = 1
# environment
SNAP_NAME = code
# environment
PAGER = less
# environment
LC_ALL = C
# environment
CONDA_PYTHON_EXE = /home/tom/anaconda3/bin/python
# environment
GJS_DEBUG_TOPICS = JS ERROR;JS LOG
# environment
O_LIBS = -L/usr/lib64/ -lopencv_core -lopencv_imgproc -lopencv_highgui -lopencv_ml -lopencv_video -lopencv_features2d -lopencv_calib3d -lopencv_objdetect -lopencv_contrib -lopencv_legacy -lopencv_flann
# automatic
^F = $(notdir $^)
# default
SUFFIXES := 
# environment
SNAP_REEXEC = 
# environment
_CE_M = 
# environment
CHROME_DESKTOP = code-url-handler.desktop
# environment
WINDOWPATH = 2
# default
.INCLUDE_DIRS = /usr/include /usr/local/include /usr/include
# environment
GJS_DEBUG_OUTPUT = stderr
# default
.RECIPEPREFIX := 
# environment
LANG = C
# environment
VSCODE_PID = 2976155
# environment
_CE_CONDA = 
# variable set hash-table stats:
# Load=152/1024=15%, Rehash=0, Collisions=25/191=13%

# Pattern-specific Variable Values

# No pattern-specific variable values.

# Directories

# . (device 66308, inode 10887177): 11 files, no impossibilities.
# src (device 66308, inode 10887183): 5 files, no impossibilities.
# src/parser (device 66308, inode 13770159): 4 files, no impossibilities.
# src/isa (device 66308, inode 10887548): 3 files, no impossibilities.

# 23 files, no impossibilities in 4 directories.

# Implicit Rules

build/%.o: %.cpp
#  recipe to execute (from 'makefile', line 24):
	@echo $@
	$(COMPILER) -c $(CFLAGS) $< -o $@ $(HEADER_INCLUDES)

# 1 implicit rules, 0 (0.0%) terminal.

# Files

# Not a target:
build/main.o:
#  Implicit rule search has not been done.
#  Modification time never checked.
#  File has not been updated.

all: dir simulator
#  Command line target.
#  Implicit rule search has been done.
#  File does not exist.
#  File has been updated.
#  Needs to be updated (-q is set).
# variable set hash-table stats:
# Load=0/32=0%, Rehash=0, Collisions=0/5=0%

simulator: build/parser.o build/main.o
#  Implicit rule search has not been done.
#  Modification time never checked.
#  File has not been updated.
#  recipe to execute (from 'makefile', line 21):
	$(COMPILER) $(CFLAGS) -o $@ $^ 

# Not a target:
.SUFFIXES:
#  Implicit rule search has not been done.
#  Modification time never checked.
#  File has not been updated.

# Not a target:
makefile:
#  Implicit rule search has been done.
#  Last modified 2022-02-04 12:46:25.446025467
#  File has been updated.
#  Successfully updated.

dir:
#  Implicit rule search has not been done.
#  Implicit/static pattern stem: ''
#  File does not exist.
#  File has been updated.
#  Needs to be updated (-q is set).
# automatic
# @ := dir
# automatic
# % := 
# automatic
# * := 
# automatic
# + := 
# automatic
# | := 
# automatic
# < := 
# automatic
# ^ := 
# automatic
# ? := 
# variable set hash-table stats:
# Load=8/32=25%, Rehash=0, Collisions=1/13=8%
#  recipe to execute (from 'makefile', line 28):
	@echo $(CPP_SRCS)
	@echo $(CPP_OBJS)
	mkdir -p build

# Not a target:
.DEFAULT:
#  Implicit rule search has not been done.
#  Modification time never checked.
#  File has not been updated.

run: all
#  Implicit rule search has not been done.
#  Modification time never checked.
#  File has not been updated.
#  recipe to execute (from 'makefile', line 18):
	./simulator

clean:
#  Implicit rule search has not been done.
#  Modification time never checked.
#  File has not been updated.
#  recipe to execute (from 'makefile', line 33):
	rm -rf $(BUILD_DIR)
	rm simulator

# Not a target:
build/parser.o:
#  Implicit rule search has not been done.
#  Modification time never checked.
#  File has not been updated.

# files hash-table stats:
# Load=10/1024=1%, Rehash=0, Collisions=0/37=0%
# VPATH Search Paths

# No 'vpath' search paths.

# General ('VPATH' variable) search path:
# src:src/parser:src/isa

# strcache buffers: 1 (0) / strings = 32 / storage = 257 B / avg = 8 B
# current buf: size = 8162 B / used = 257 B / count = 32 / avg = 8 B

# strcache performance: lookups = 57 / hit rate = 43%
# hash-table stats:
# Load=32/8192=0%, Rehash=0, Collisions=4/57=7%
# Finished Make data base on Sat Feb  5 01:35:48 2022

 
